[0.006s] Invoking command in '/home/peash/sim_ws/src/W25/build/W25': CMAKE_PREFIX_PATH=${CMAKE_PREFIX_PATH}:/opt/ros/humble /usr/bin/cmake /home/peash/sim_ws/src/W25 -DCMAKE_INSTALL_PREFIX=/home/peash/sim_ws/src/W25/install/W25
[0.071s] -- The C compiler identification is GNU 11.4.0
[0.125s] -- The CXX compiler identification is GNU 11.4.0
[0.131s] -- Detecting C compiler ABI info
[0.177s] -- Detecting C compiler ABI info - done
[0.180s] -- Check for working C compiler: /usr/bin/cc - skipped
[0.180s] -- Detecting C compile features
[0.181s] -- Detecting C compile features - done
[0.183s] -- Detecting CXX compiler ABI info
[0.235s] -- Detecting CXX compiler ABI info - done
[0.239s] -- Check for working CXX compiler: /usr/bin/c++ - skipped
[0.239s] -- Detecting CXX compile features
[0.239s] -- Detecting CXX compile features - done
[0.241s] -- Found ament_cmake: 1.3.11 (/opt/ros/humble/share/ament_cmake/cmake)
[0.329s] -- Found Python3: /usr/bin/python3 (found version "3.10.12") found components: Interpreter 
[0.389s] -- Found rclpy: 3.3.16 (/opt/ros/humble/share/rclpy/cmake)
[0.389s] -- Found nav_msgs: 4.8.0 (/opt/ros/humble/share/nav_msgs/cmake)
[0.417s] -- Found rosidl_generator_c: 3.1.6 (/opt/ros/humble/share/rosidl_generator_c/cmake)
[0.421s] -- Found rosidl_adapter: 3.1.6 (/opt/ros/humble/share/rosidl_adapter/cmake)
[0.428s] -- Found rosidl_generator_cpp: 3.1.6 (/opt/ros/humble/share/rosidl_generator_cpp/cmake)
[0.437s] -- Using all available rosidl_typesupport_c: rosidl_typesupport_fastrtps_c;rosidl_typesupport_introspection_c
[0.449s] -- Using all available rosidl_typesupport_cpp: rosidl_typesupport_fastrtps_cpp;rosidl_typesupport_introspection_cpp
[0.531s] WARNING: Package name "W25" does not follow the naming conventions. It should start with a lower case letter and only contain lower case letters, digits, underscores, and dashes.
[0.537s] -- Found ament_lint_auto: 0.12.12 (/opt/ros/humble/share/ament_lint_auto/cmake)
[0.566s] WARNING: Package name "W25" does not follow the naming conventions. It should start with a lower case letter and only contain lower case letters, digits, underscores, and dashes.
[0.593s] -- Added test 'cppcheck' to perform static code analysis on C / C++ code
[0.593s] -- Configured cppcheck include dirs: 
[0.593s] -- Configured cppcheck exclude dirs and/or files: 
[0.594s] -- Added test 'flake8' to check Python code syntax and style conventions
[0.597s] -- Added test 'lint_cmake' to check CMake code style
[0.598s] -- Added test 'pep257' to check Python code against some of the docstring style conventions in PEP 257
[0.608s] -- Added test 'uncrustify' to check C / C++ code style
[0.608s] -- Configured uncrustify additional arguments: 
[0.609s] -- Added test 'xmllint' to check XML markup files
[0.610s] -- Configuring done
[0.613s] -- Generating done
[0.615s] -- Build files have been written to: /home/peash/sim_ws/src/W25/build/W25
[0.619s] Invoked command in '/home/peash/sim_ws/src/W25/build/W25' returned '0': CMAKE_PREFIX_PATH=${CMAKE_PREFIX_PATH}:/opt/ros/humble /usr/bin/cmake /home/peash/sim_ws/src/W25 -DCMAKE_INSTALL_PREFIX=/home/peash/sim_ws/src/W25/install/W25
[0.620s] Invoking command in '/home/peash/sim_ws/src/W25/build/W25': CMAKE_PREFIX_PATH=${CMAKE_PREFIX_PATH}:/opt/ros/humble /usr/bin/cmake --build /home/peash/sim_ws/src/W25/build/W25 -- -j16 -l16
[0.657s] Built target ament_cmake_python_copy_W25
[0.784s] running egg_info
[0.784s] creating W25.egg-info
[0.784s] writing W25.egg-info/PKG-INFO
[0.784s] writing dependency_links to W25.egg-info/dependency_links.txt
[0.784s] writing top-level names to W25.egg-info/top_level.txt
[0.785s] writing manifest file 'W25.egg-info/SOURCES.txt'
[0.786s] reading manifest file 'W25.egg-info/SOURCES.txt'
[0.786s] writing manifest file 'W25.egg-info/SOURCES.txt'
[0.801s] Built target ament_cmake_python_build_W25_egg
[0.809s] Invoked command in '/home/peash/sim_ws/src/W25/build/W25' returned '0': CMAKE_PREFIX_PATH=${CMAKE_PREFIX_PATH}:/opt/ros/humble /usr/bin/cmake --build /home/peash/sim_ws/src/W25/build/W25 -- -j16 -l16
[0.814s] Invoking command in '/home/peash/sim_ws/src/W25/build/W25': CMAKE_PREFIX_PATH=${CMAKE_PREFIX_PATH}:/opt/ros/humble /usr/bin/cmake --install /home/peash/sim_ws/src/W25/build/W25
[0.818s] -- Install configuration: ""
[0.818s] -- Installing: /home/peash/sim_ws/src/W25/install/W25/share/W25/environment/pythonpath.sh
[0.819s] -- Installing: /home/peash/sim_ws/src/W25/install/W25/share/W25/environment/pythonpath.dsv
[0.819s] -- Installing: /home/peash/sim_ws/src/W25/install/W25/local/lib/python3.10/dist-packages/W25-0.0.0-py3.10.egg-info
[0.819s] -- Installing: /home/peash/sim_ws/src/W25/install/W25/local/lib/python3.10/dist-packages/W25-0.0.0-py3.10.egg-info/dependency_links.txt
[0.819s] -- Installing: /home/peash/sim_ws/src/W25/install/W25/local/lib/python3.10/dist-packages/W25-0.0.0-py3.10.egg-info/top_level.txt
[0.819s] -- Installing: /home/peash/sim_ws/src/W25/install/W25/local/lib/python3.10/dist-packages/W25-0.0.0-py3.10.egg-info/PKG-INFO
[0.819s] -- Installing: /home/peash/sim_ws/src/W25/install/W25/local/lib/python3.10/dist-packages/W25-0.0.0-py3.10.egg-info/SOURCES.txt
[0.819s] -- Installing: /home/peash/sim_ws/src/W25/install/W25/local/lib/python3.10/dist-packages/W25
[0.819s] -- Installing: /home/peash/sim_ws/src/W25/install/W25/local/lib/python3.10/dist-packages/W25/imu_odom.py
[0.819s] -- Installing: /home/peash/sim_ws/src/W25/install/W25/local/lib/python3.10/dist-packages/W25/kmf.py
[0.819s] -- Installing: /home/peash/sim_ws/src/W25/install/W25/local/lib/python3.10/dist-packages/W25/__init__.py
[0.819s] -- Installing: /home/peash/sim_ws/src/W25/install/W25/local/lib/python3.10/dist-packages/W25/ekf.py
[0.820s] -- Installing: /home/peash/sim_ws/src/W25/install/W25/local/lib/python3.10/dist-packages/W25/odom_noisy_node.py
[0.820s] -- Installing: /home/peash/sim_ws/src/W25/install/W25/local/lib/python3.10/dist-packages/W25/odom.py
[0.820s] -- Installing: /home/peash/sim_ws/src/W25/install/W25/local/lib/python3.10/dist-packages/W25/sync.py
[0.820s] -- Installing: /home/peash/sim_ws/src/W25/install/W25/local/lib/python3.10/dist-packages/W25/.vscode
[0.820s] -- Installing: /home/peash/sim_ws/src/W25/install/W25/local/lib/python3.10/dist-packages/W25/.vscode/c_cpp_properties.json
[0.820s] -- Installing: /home/peash/sim_ws/src/W25/install/W25/local/lib/python3.10/dist-packages/W25/.vscode/settings.json
[0.841s] Listing '/home/peash/sim_ws/src/W25/install/W25/local/lib/python3.10/dist-packages/W25'...
[0.841s] Listing '/home/peash/sim_ws/src/W25/install/W25/local/lib/python3.10/dist-packages/W25/.vscode'...
[0.841s] Compiling '/home/peash/sim_ws/src/W25/install/W25/local/lib/python3.10/dist-packages/W25/__init__.py'...
[0.841s] Compiling '/home/peash/sim_ws/src/W25/install/W25/local/lib/python3.10/dist-packages/W25/ekf.py'...
[0.841s] Compiling '/home/peash/sim_ws/src/W25/install/W25/local/lib/python3.10/dist-packages/W25/imu_odom.py'...
[0.841s] Compiling '/home/peash/sim_ws/src/W25/install/W25/local/lib/python3.10/dist-packages/W25/kmf.py'...
[0.841s] Compiling '/home/peash/sim_ws/src/W25/install/W25/local/lib/python3.10/dist-packages/W25/odom.py'...
[0.841s] Compiling '/home/peash/sim_ws/src/W25/install/W25/local/lib/python3.10/dist-packages/W25/odom_noisy_node.py'...
[0.841s] Compiling '/home/peash/sim_ws/src/W25/install/W25/local/lib/python3.10/dist-packages/W25/sync.py'...
[0.843s] -- Installing: /home/peash/sim_ws/src/W25/install/W25/lib/W25/ekf.py
[0.843s] -- Installing: /home/peash/sim_ws/src/W25/install/W25/lib/W25/odom_noisy_node.py
[0.843s] -- Installing: /home/peash/sim_ws/src/W25/install/W25/lib/W25/imu_odom.py
[0.843s] -- Installing: /home/peash/sim_ws/src/W25/install/W25/lib/W25/sync.py
[0.843s] -- Installing: /home/peash/sim_ws/src/W25/install/W25/share/W25//launch
[0.843s] -- Installing: /home/peash/sim_ws/src/W25/install/W25/share/W25//launch/static_tf.launch.py
[0.843s] -- Installing: /home/peash/sim_ws/src/W25/install/W25/share/W25//launch/bridge.launch.py
[0.844s] -- Installing: /home/peash/sim_ws/src/W25/install/W25/share/W25//launch/bridge_config.yaml
[0.844s] -- Installing: /home/peash/sim_ws/src/W25/install/W25/share/W25//launch/rviz.rviz
[0.844s] -- Installing: /home/peash/sim_ws/src/W25/install/W25/share/W25//launch/nav.launch.py
[0.844s] -- Installing: /home/peash/sim_ws/src/W25/install/W25/share/W25//launch/slam_toolbox_launch.py
[0.844s] -- Installing: /home/peash/sim_ws/src/W25/install/W25/share/W25//launch/amcl.launch.py
[0.844s] -- Installing: /home/peash/sim_ws/src/W25/install/W25/share/W25//urdf
[0.844s] -- Installing: /home/peash/sim_ws/src/W25/install/W25/share/W25//urdf/w25_urdf.urdf
[0.844s] -- Installing: /home/peash/sim_ws/src/W25/install/W25/share/W25//urdf/world.sdf
[0.844s] -- Installing: /home/peash/sim_ws/src/W25/install/W25/share/W25//W25
[0.844s] -- Installing: /home/peash/sim_ws/src/W25/install/W25/share/W25//W25/imu_odom.py
[0.844s] -- Installing: /home/peash/sim_ws/src/W25/install/W25/share/W25//W25/kmf.py
[0.844s] -- Installing: /home/peash/sim_ws/src/W25/install/W25/share/W25//W25/__init__.py
[0.845s] -- Installing: /home/peash/sim_ws/src/W25/install/W25/share/W25//W25/ekf.py
[0.845s] -- Installing: /home/peash/sim_ws/src/W25/install/W25/share/W25//W25/odom_noisy_node.py
[0.845s] -- Installing: /home/peash/sim_ws/src/W25/install/W25/share/W25//W25/odom.py
[0.845s] -- Installing: /home/peash/sim_ws/src/W25/install/W25/share/W25//W25/sync.py
[0.845s] -- Installing: /home/peash/sim_ws/src/W25/install/W25/share/W25//W25/.vscode
[0.845s] -- Installing: /home/peash/sim_ws/src/W25/install/W25/share/W25//W25/.vscode/c_cpp_properties.json
[0.845s] -- Installing: /home/peash/sim_ws/src/W25/install/W25/share/W25//W25/.vscode/settings.json
[0.845s] -- Installing: /home/peash/sim_ws/src/W25/install/W25/share/W25//config
[0.845s] -- Installing: /home/peash/sim_ws/src/W25/install/W25/share/W25//config/rviz_config.rviz
[0.845s] -- Installing: /home/peash/sim_ws/src/W25/install/W25/share/W25//config/map_server.yaml
[0.845s] -- Installing: /home/peash/sim_ws/src/W25/install/W25/share/W25//config/lidar_filter.yaml
[0.846s] -- Installing: /home/peash/sim_ws/src/W25/install/W25/share/W25//config/bridge_config.yaml
[0.846s] -- Installing: /home/peash/sim_ws/src/W25/install/W25/share/W25//config/nav2_params.yaml
[0.846s] -- Installing: /home/peash/sim_ws/src/W25/install/W25/share/W25//config/rviz.rviz
[0.846s] -- Installing: /home/peash/sim_ws/src/W25/install/W25/share/W25//config/ekf.yaml
[0.846s] -- Installing: /home/peash/sim_ws/src/W25/install/W25/share/W25//config/slam_config.yaml
[0.846s] -- Installing: /home/peash/sim_ws/src/W25/install/W25/share/W25//config/amcl.yaml
[0.846s] -- Installing: /home/peash/sim_ws/src/W25/install/W25/share/W25//map
[0.846s] -- Installing: /home/peash/sim_ws/src/W25/install/W25/share/W25//map/tugbot_map.yaml
[0.846s] -- Installing: /home/peash/sim_ws/src/W25/install/W25/share/W25//map/tugbot_map.pgm
[0.847s] -- Installing: /home/peash/sim_ws/src/W25/install/W25/share/W25//map/my_map.pgm
[0.847s] -- Installing: /home/peash/sim_ws/src/W25/install/W25/share/W25//map/wirehouse_map.yaml
[0.847s] -- Installing: /home/peash/sim_ws/src/W25/install/W25/share/W25//map/wirehouse_map.pgm
[0.848s] -- Installing: /home/peash/sim_ws/src/W25/install/W25/share/W25//map/my_map.yaml
[0.848s] -- Installing: /home/peash/sim_ws/src/W25/install/W25/share/ament_index/resource_index/package_run_dependencies/W25
[0.848s] -- Installing: /home/peash/sim_ws/src/W25/install/W25/share/ament_index/resource_index/parent_prefix_path/W25
[0.848s] -- Installing: /home/peash/sim_ws/src/W25/install/W25/share/W25/environment/ament_prefix_path.sh
[0.848s] -- Installing: /home/peash/sim_ws/src/W25/install/W25/share/W25/environment/ament_prefix_path.dsv
[0.849s] -- Installing: /home/peash/sim_ws/src/W25/install/W25/share/W25/environment/path.sh
[0.849s] -- Installing: /home/peash/sim_ws/src/W25/install/W25/share/W25/environment/path.dsv
[0.849s] -- Installing: /home/peash/sim_ws/src/W25/install/W25/share/W25/local_setup.bash
[0.849s] -- Installing: /home/peash/sim_ws/src/W25/install/W25/share/W25/local_setup.sh
[0.849s] -- Installing: /home/peash/sim_ws/src/W25/install/W25/share/W25/local_setup.zsh
[0.849s] -- Installing: /home/peash/sim_ws/src/W25/install/W25/share/W25/local_setup.dsv
[0.849s] -- Installing: /home/peash/sim_ws/src/W25/install/W25/share/W25/package.dsv
[0.849s] -- Installing: /home/peash/sim_ws/src/W25/install/W25/share/ament_index/resource_index/packages/W25
[0.849s] -- Installing: /home/peash/sim_ws/src/W25/install/W25/share/W25/cmake/W25Config.cmake
[0.850s] -- Installing: /home/peash/sim_ws/src/W25/install/W25/share/W25/cmake/W25Config-version.cmake
[0.850s] -- Installing: /home/peash/sim_ws/src/W25/install/W25/share/W25/package.xml
[0.851s] Invoked command in '/home/peash/sim_ws/src/W25/build/W25' returned '0': CMAKE_PREFIX_PATH=${CMAKE_PREFIX_PATH}:/opt/ros/humble /usr/bin/cmake --install /home/peash/sim_ws/src/W25/build/W25
