Built target ament_cmake_python_copy_W25
running egg_info
writing W25.egg-info/PKG-INFO
writing dependency_links to W25.egg-info/dependency_links.txt
writing top-level names to W25.egg-info/top_level.txt
reading manifest file 'W25.egg-info/SOURCES.txt'
writing manifest file 'W25.egg-info/SOURCES.txt'
Built target ament_cmake_python_build_W25_egg
-- Install configuration: ""
-- Up-to-date: /home/peash/sim_ws/src/W25/install/W25/share/W25/environment/pythonpath.sh
-- Up-to-date: /home/peash/sim_ws/src/W25/install/W25/share/W25/environment/pythonpath.dsv
-- Up-to-date: /home/peash/sim_ws/src/W25/install/W25/local/lib/python3.10/dist-packages/W25-0.0.0-py3.10.egg-info
-- Installing: /home/peash/sim_ws/src/W25/install/W25/local/lib/python3.10/dist-packages/W25-0.0.0-py3.10.egg-info/dependency_links.txt
-- Installing: /home/peash/sim_ws/src/W25/install/W25/local/lib/python3.10/dist-packages/W25-0.0.0-py3.10.egg-info/top_level.txt
-- Installing: /home/peash/sim_ws/src/W25/install/W25/local/lib/python3.10/dist-packages/W25-0.0.0-py3.10.egg-info/PKG-INFO
-- Installing: /home/peash/sim_ws/src/W25/install/W25/local/lib/python3.10/dist-packages/W25-0.0.0-py3.10.egg-info/SOURCES.txt
-- Up-to-date: /home/peash/sim_ws/src/W25/install/W25/local/lib/python3.10/dist-packages/W25
-- Up-to-date: /home/peash/sim_ws/src/W25/install/W25/local/lib/python3.10/dist-packages/W25/imu_odom.py
-- Up-to-date: /home/peash/sim_ws/src/W25/install/W25/local/lib/python3.10/dist-packages/W25/kmf.py
-- Up-to-date: /home/peash/sim_ws/src/W25/install/W25/local/lib/python3.10/dist-packages/W25/__init__.py
-- Up-to-date: /home/peash/sim_ws/src/W25/install/W25/local/lib/python3.10/dist-packages/W25/ekf.py
-- Up-to-date: /home/peash/sim_ws/src/W25/install/W25/local/lib/python3.10/dist-packages/W25/odom_noisy_node.py
-- Up-to-date: /home/peash/sim_ws/src/W25/install/W25/local/lib/python3.10/dist-packages/W25/odom.py
-- Up-to-date: /home/peash/sim_ws/src/W25/install/W25/local/lib/python3.10/dist-packages/W25/sync.py
-- Up-to-date: /home/peash/sim_ws/src/W25/install/W25/local/lib/python3.10/dist-packages/W25/.vscode
-- Up-to-date: /home/peash/sim_ws/src/W25/install/W25/local/lib/python3.10/dist-packages/W25/.vscode/c_cpp_properties.json
-- Up-to-date: /home/peash/sim_ws/src/W25/install/W25/local/lib/python3.10/dist-packages/W25/.vscode/settings.json
Listing '/home/peash/sim_ws/src/W25/install/W25/local/lib/python3.10/dist-packages/W25'...
Listing '/home/peash/sim_ws/src/W25/install/W25/local/lib/python3.10/dist-packages/W25/.vscode'...
-- Up-to-date: /home/peash/sim_ws/src/W25/install/W25/lib/W25/ekf.py
-- Up-to-date: /home/peash/sim_ws/src/W25/install/W25/lib/W25/odom_noisy_node.py
-- Up-to-date: /home/peash/sim_ws/src/W25/install/W25/lib/W25/imu_odom.py
-- Up-to-date: /home/peash/sim_ws/src/W25/install/W25/lib/W25/sync.py
-- Up-to-date: /home/peash/sim_ws/src/W25/install/W25/share/W25//launch
-- Up-to-date: /home/peash/sim_ws/src/W25/install/W25/share/W25//launch/static_tf.launch.py
-- Up-to-date: /home/peash/sim_ws/src/W25/install/W25/share/W25//launch/bridge.launch.py
-- Up-to-date: /home/peash/sim_ws/src/W25/install/W25/share/W25//launch/bridge_config.yaml
-- Up-to-date: /home/peash/sim_ws/src/W25/install/W25/share/W25//launch/rviz.rviz
-- Up-to-date: /home/peash/sim_ws/src/W25/install/W25/share/W25//launch/nav.launch.py
-- Up-to-date: /home/peash/sim_ws/src/W25/install/W25/share/W25//launch/slam_toolbox_launch.py
-- Up-to-date: /home/peash/sim_ws/src/W25/install/W25/share/W25//launch/amcl.launch.py
-- Up-to-date: /home/peash/sim_ws/src/W25/install/W25/share/W25//urdf
-- Up-to-date: /home/peash/sim_ws/src/W25/install/W25/share/W25//urdf/w25_urdf.urdf
-- Up-to-date: /home/peash/sim_ws/src/W25/install/W25/share/W25//urdf/world.sdf
-- Up-to-date: /home/peash/sim_ws/src/W25/install/W25/share/W25//W25
-- Up-to-date: /home/peash/sim_ws/src/W25/install/W25/share/W25//W25/imu_odom.py
-- Up-to-date: /home/peash/sim_ws/src/W25/install/W25/share/W25//W25/kmf.py
-- Up-to-date: /home/peash/sim_ws/src/W25/install/W25/share/W25//W25/__init__.py
-- Up-to-date: /home/peash/sim_ws/src/W25/install/W25/share/W25//W25/ekf.py
-- Up-to-date: /home/peash/sim_ws/src/W25/install/W25/share/W25//W25/odom_noisy_node.py
-- Up-to-date: /home/peash/sim_ws/src/W25/install/W25/share/W25//W25/odom.py
-- Up-to-date: /home/peash/sim_ws/src/W25/install/W25/share/W25//W25/sync.py
-- Up-to-date: /home/peash/sim_ws/src/W25/install/W25/share/W25//W25/.vscode
-- Up-to-date: /home/peash/sim_ws/src/W25/install/W25/share/W25//W25/.vscode/c_cpp_properties.json
-- Up-to-date: /home/peash/sim_ws/src/W25/install/W25/share/W25//W25/.vscode/settings.json
-- Up-to-date: /home/peash/sim_ws/src/W25/install/W25/share/W25//config
-- Up-to-date: /home/peash/sim_ws/src/W25/install/W25/share/W25//config/rviz_config.rviz
-- Up-to-date: /home/peash/sim_ws/src/W25/install/W25/share/W25//config/map_server.yaml
-- Up-to-date: /home/peash/sim_ws/src/W25/install/W25/share/W25//config/lidar_filter.yaml
-- Up-to-date: /home/peash/sim_ws/src/W25/install/W25/share/W25//config/bridge_config.yaml
-- Up-to-date: /home/peash/sim_ws/src/W25/install/W25/share/W25//config/nav2_params.yaml
-- Up-to-date: /home/peash/sim_ws/src/W25/install/W25/share/W25//config/rviz.rviz
-- Up-to-date: /home/peash/sim_ws/src/W25/install/W25/share/W25//config/ekf.yaml
-- Up-to-date: /home/peash/sim_ws/src/W25/install/W25/share/W25//config/slam_config.yaml
-- Up-to-date: /home/peash/sim_ws/src/W25/install/W25/share/W25//config/amcl.yaml
-- Up-to-date: /home/peash/sim_ws/src/W25/install/W25/share/W25//map
-- Up-to-date: /home/peash/sim_ws/src/W25/install/W25/share/W25//map/tugbot_map.yaml
-- Up-to-date: /home/peash/sim_ws/src/W25/install/W25/share/W25//map/tugbot_map.pgm
-- Up-to-date: /home/peash/sim_ws/src/W25/install/W25/share/W25//map/my_map.pgm
-- Up-to-date: /home/peash/sim_ws/src/W25/install/W25/share/W25//map/wirehouse_map.yaml
-- Up-to-date: /home/peash/sim_ws/src/W25/install/W25/share/W25//map/wirehouse_map.pgm
-- Up-to-date: /home/peash/sim_ws/src/W25/install/W25/share/W25//map/my_map.yaml
-- Up-to-date: /home/peash/sim_ws/src/W25/install/W25/share/ament_index/resource_index/package_run_dependencies/W25
-- Up-to-date: /home/peash/sim_ws/src/W25/install/W25/share/ament_index/resource_index/parent_prefix_path/W25
-- Up-to-date: /home/peash/sim_ws/src/W25/install/W25/share/W25/environment/ament_prefix_path.sh
-- Up-to-date: /home/peash/sim_ws/src/W25/install/W25/share/W25/environment/ament_prefix_path.dsv
-- Up-to-date: /home/peash/sim_ws/src/W25/install/W25/share/W25/environment/path.sh
-- Up-to-date: /home/peash/sim_ws/src/W25/install/W25/share/W25/environment/path.dsv
-- Up-to-date: /home/peash/sim_ws/src/W25/install/W25/share/W25/local_setup.bash
-- Up-to-date: /home/peash/sim_ws/src/W25/install/W25/share/W25/local_setup.sh
-- Up-to-date: /home/peash/sim_ws/src/W25/install/W25/share/W25/local_setup.zsh
-- Up-to-date: /home/peash/sim_ws/src/W25/install/W25/share/W25/local_setup.dsv
-- Installing: /home/peash/sim_ws/src/W25/install/W25/share/W25/package.dsv
-- Up-to-date: /home/peash/sim_ws/src/W25/install/W25/share/ament_index/resource_index/packages/W25
-- Up-to-date: /home/peash/sim_ws/src/W25/install/W25/share/W25/cmake/W25Config.cmake
-- Up-to-date: /home/peash/sim_ws/src/W25/install/W25/share/W25/cmake/W25Config-version.cmake
-- Up-to-date: /home/peash/sim_ws/src/W25/install/W25/share/W25/package.xml
